{
  "environmentTypes": [],
  "missingModules": [
    "src/components/auth/__tests__/ProtectedRoute.test.tsx(2,46): error TS2307: Cannot find module '@jest/globals' or its corresponding type declarations.",
    "src/components/auth/__tests__/ProtectedRoute.test.tsx(5,32): error TS2307: Cannot find module '@testing-library/react' or its corresponding type declarations.",
    "src/components/cloud/CloudStorageManager.tsx(29,29): error TS2307: Cannot find module 'react-dropzone' or its corresponding type declarations.",
    "src/components/profile/responsive/ProfileHeader.tsx(7,29): error TS2307: Cannot find module 'react-dropzone' or its corresponding type declarations.",
    "src/components/ranking/ELOHistoryChart.tsx(19,21): error TS2307: Cannot find module 'd3' or its corresponding type declarations.",
    "src/components/security/XSSProtection.tsx(2,23): error TS2307: Cannot find module 'dompurify' or its corresponding type declarations.",
    "src/components/tournament/DoubleEliminationMatchCard.tsx(424,21): error TS2307: Cannot find module './integrations/supabase/client' or its corresponding type declarations.",
    "src/components/tournament/EnhancedMatchCard.tsx(431,21): error TS2307: Cannot find module './integrations/supabase/client' or its corresponding type declarations.",
    "src/components/tournament/SingleEliminationMatchCard.tsx(324,21): error TS2307: Cannot find module './integrations/supabase/client' or its corresponding type declarations.",
    "src/components/tournament/TournamentCompletionNotification.tsx(4,22): error TS2307: Cannot find module 'canvas-confetti' or its corresponding type declarations.",
    "src/components/ui/carousel.tsx(4,8): error TS2307: Cannot find module 'embla-carousel-react' or its corresponding type declarations.",
    "src/components/ui/drawer.tsx(2,43): error TS2307: Cannot find module 'vaul' or its corresponding type declarations.",
    "src/hooks/__tests__/useTokenRefresh.test.ts(2,28): error TS2307: Cannot find module '@testing-library/react' or its corresponding type declarations.",
    "src/hooks/__tests__/useTournamentService.test.tsx(2,33): error TS2307: Cannot find module '@testing-library/react' or its corresponding type declarations.",
    "src/hooks/__tests__/useTournamentService.test.tsx(3,25): error TS2307: Cannot find module '@testing-library/dom' or its corresponding type declarations.",
    "src/hooks/__tests__/useTournamentService.test.tsx(5,65): error TS2307: Cannot find module 'vitest' or its corresponding type declarations.",
    "src/lib/analyticsTracker.ts(234,41): error TS2307: Cannot find module './integrations/supabase/client' or its corresponding type declarations.",
    "src/lib/analyticsTracker.ts(256,41): error TS2307: Cannot find module './integrations/supabase/client' or its corresponding type declarations.",
    "src/lib/performanceMonitor.ts(209,41): error TS2307: Cannot find module './integrations/supabase/client' or its corresponding type declarations.",
    "src/lib/performanceMonitor.ts(225,41): error TS2307: Cannot find module './integrations/supabase/client' or its corresponding type declarations.",
    "src/lib/performanceMonitor.ts(243,43): error TS2307: Cannot find module './integrations/supabase/client' or its corresponding type declarations.",
    "src/lib/performanceMonitor.ts(264,43): error TS2307: Cannot find module './integrations/supabase/client' or its corresponding type declarations.",
    "src/lib/sentry.ts(1,25): error TS2307: Cannot find module '@sentry/react' or its corresponding type declarations.",
    "src/lib/sentryConfig.ts(1,25): error TS2307: Cannot find module '@sentry/react' or its corresponding type declarations.",
    "src/lib/webVitalsTracker.ts(83,41): error TS2307: Cannot find module './integrations/supabase/client' or its corresponding type declarations.",
    "src/lib/webVitalsTracker.ts(106,41): error TS2307: Cannot find module './integrations/supabase/client' or its corresponding type declarations.",
    "src/pages/ClubManagement.tsx(16,31): error TS2307: Cannot find module './pages/challenges/components/tabs/ClubChallengesTab' or its corresponding type declarations.",
    "src/pages/ClubManagement.tsx(17,36): error TS2307: Cannot find module '@/components/tournament/AdminTournamentResults' or its corresponding type declarations.",
    "src/pages/Index.tsx(21,24): error TS2307: Cannot find module './assets/sabo-club-bg.jpg' or its corresponding type declarations.",
    "src/pages/RankingDashboardPage.tsx(2,29): error TS2307: Cannot find module './pages/LeaderboardPage' or its corresponding type declarations.",
    "src/utils/roleBasedLoader.ts(8,36): error TS2307: Cannot find module './router/AdminRouter' or its corresponding type declarations.",
    "src/utils/roleBasedLoader.ts(16,28): error TS2307: Cannot find module './pages/DashboardPage' or its corresponding type declarations.",
    "src/utils/roleBasedLoader.ts(18,28): error TS2307: Cannot find module './pages/EnhancedChallengesPageV2' or its corresponding type declarations.",
    "src/utils/roleBasedLoader.ts(20,28): error TS2307: Cannot find module './pages/TournamentsPage' or its corresponding type declarations."
  ],
  "tournamentTypes": [
    "src/components/tournament/EditTournamentModal.tsx(120,5): error TS2353: Object literal may only specify known properties, and 'tier_level' does not exist in type 'TournamentFormData | (() => TournamentFormData)'.",
    "src/components/tournament/EditTournamentModal.tsx(120,28): error TS2339: Property 'tier_level' does not exist on type 'EnhancedTournament'.",
    "src/components/tournament/EditTournamentModal.tsx(131,32): error TS2339: Property 'eligible_ranks' does not exist on type 'EnhancedTournament'.",
    "src/components/tournament/EditTournamentModal.tsx(132,33): error TS2339: Property 'allow_all_ranks' does not exist on type 'EnhancedTournament'.",
    "src/components/tournament/EditTournamentModal.tsx(135,35): error TS2339: Property 'requires_approval' does not exist on type 'EnhancedTournament'.",
    "src/components/tournament/EditTournamentModal.tsx(136,27): error TS2339: Property 'is_public' does not exist on type 'EnhancedTournament'.",
    "src/components/tournament/EditTournamentModal.tsx(149,30): error TS2339: Property 'tier_level' does not exist on type 'EnhancedTournament'.",
    "src/components/tournament/EditTournamentModal.tsx(172,7): error TS2353: Object literal may only specify known properties, and 'tier_level' does not exist in type 'SetStateAction<TournamentFormData>'.",
    "src/components/tournament/EditTournamentModal.tsx(172,30): error TS2339: Property 'tier_level' does not exist on type 'EnhancedTournament'.",
    "src/components/tournament/EditTournamentModal.tsx(183,34): error TS2339: Property 'eligible_ranks' does not exist on type 'EnhancedTournament'.",
    "src/components/tournament/EditTournamentModal.tsx(184,35): error TS2339: Property 'allow_all_ranks' does not exist on type 'EnhancedTournament'.",
    "src/components/tournament/EditTournamentModal.tsx(187,37): error TS2339: Property 'requires_approval' does not exist on type 'EnhancedTournament'.",
    "src/components/tournament/EditTournamentModal.tsx(188,29): error TS2339: Property 'is_public' does not exist on type 'EnhancedTournament'.",
    "src/components/tournament/EditTournamentModal.tsx(328,27): error TS2339: Property 'title' does not exist on type 'EnhancedTournament'.",
    "src/components/tournament/EditTournamentModal.tsx(330,28): error TS2339: Property 'format' does not exist on type 'EnhancedTournament'.",
    "src/components/tournament/EditTournamentModal.tsx(334,41): error TS2339: Property 'start_date' does not exist on type 'EnhancedTournament'.",
    "src/components/tournament/EditTournamentModal.tsx(335,43): error TS2551: Property 'registration_deadline' does not exist on type 'EnhancedTournament'. Did you mean 'registration_end'?",
    "src/components/tournament/EditTournamentModal.tsx(336,33): error TS2551: Property 'registration_deadline' does not exist on type 'EnhancedTournament'. Did you mean 'registration_end'?",
    "src/components/tournament/EditTournamentModal.tsx(338,27): error TS2339: Property 'venue' does not exist on type 'EnhancedTournament'.",
    "src/components/tournament/EditTournamentModal.tsx(340,39): error TS2339: Property 'requires_approval' does not exist on type 'EnhancedTournament'.",
    "src/components/tournament/EditTournamentModal.tsx(341,31): error TS2339: Property 'is_public' does not exist on type 'EnhancedTournament'.",
    "src/components/tournament/OptimizedTournamentCard.tsx(406,32): error TS2339: Property 'logo_url' does not exist on type 'Club'.",
    "src/components/tournament/TournamentPreview.tsx(101,27): error TS2339: Property 'tier_level' does not exist on type 'TournamentFormData'.",
    "src/components/tournament/TournamentPreview.tsx(101,60): error TS2339: Property 'tier_level' does not exist on type 'TournamentFormData'.",
    "src/components/tournament/TournamentPreview.tsx(160,20): error TS2339: Property 'tier_level' does not exist on type 'TournamentFormData'.",
    "src/components/tournament/steps/PreviewStep.tsx(40,36): error TS2339: Property 'tier_level' does not exist on type '{ name: string; tournament_type: \"single_elimination\" | \"double_elimination\" | \"round_robin\" | \"swiss\"; game_format: \"8_ball\" | \"9_ball\" | \"10_ball\" | \"straight_pool\"; max_participants: number; ... 10 more ...; rules?: string; }'.",
    "src/components/tournament/steps/PreviewStep.tsx(41,34): error TS2339: Property 'tier_level' does not exist on type '{ name: string; tournament_type: \"single_elimination\" | \"double_elimination\" | \"round_robin\" | \"swiss\"; game_format: \"8_ball\" | \"9_ball\" | \"10_ball\" | \"straight_pool\"; max_participants: number; ... 10 more ...; rules?: string; }'.",
    "src/components/tournament/steps/PreviewStep.tsx(96,49): error TS2339: Property 'start_date' does not exist on type '{ name: string; tournament_type: \"single_elimination\" | \"double_elimination\" | \"round_robin\" | \"swiss\"; game_format: \"8_ball\" | \"9_ball\" | \"10_ball\" | \"straight_pool\"; max_participants: number; ... 10 more ...; rules?: string; }'.",
    "src/components/tournament/steps/PreviewStep.tsx(97,49): error TS2339: Property 'end_date' does not exist on type '{ name: string; tournament_type: \"single_elimination\" | \"double_elimination\" | \"round_robin\" | \"swiss\"; game_format: \"8_ball\" | \"9_ball\" | \"10_ball\" | \"straight_pool\"; max_participants: number; ... 10 more ...; rules?: string; }'.",
    "src/components/tournament/steps/PreviewStep.tsx(267,26): error TS2339: Property 'min_rank_requirement' does not exist on type '{ name: string; tournament_type: \"single_elimination\" | \"double_elimination\" | \"round_robin\" | \"swiss\"; game_format: \"8_ball\" | \"9_ball\" | \"10_ball\" | \"straight_pool\"; max_participants: number; ... 10 more ...; rules?: string; }'.",
    "src/components/tournament/steps/PreviewStep.tsx(269,41): error TS2339: Property 'min_rank_requirement' does not exist on type '{ name: string; tournament_type: \"single_elimination\" | \"double_elimination\" | \"round_robin\" | \"swiss\"; game_format: \"8_ball\" | \"9_ball\" | \"10_ball\" | \"straight_pool\"; max_participants: number; ... 10 more ...; rules?: string; }'.",
    "src/components/tournament/steps/PreviewStep.tsx(272,26): error TS2339: Property 'max_rank_requirement' does not exist on type '{ name: string; tournament_type: \"single_elimination\" | \"double_elimination\" | \"round_robin\" | \"swiss\"; game_format: \"8_ball\" | \"9_ball\" | \"10_ball\" | \"straight_pool\"; max_participants: number; ... 10 more ...; rules?: string; }'.",
    "src/components/tournament/steps/PreviewStep.tsx(274,38): error TS2339: Property 'max_rank_requirement' does not exist on type '{ name: string; tournament_type: \"single_elimination\" | \"double_elimination\" | \"round_robin\" | \"swiss\"; game_format: \"8_ball\" | \"9_ball\" | \"10_ball\" | \"straight_pool\"; max_participants: number; ... 10 more ...; rules?: string; }'.",
    "src/components/tournament/steps/PreviewStep.tsx(282,42): error TS2339: Property 'contact_info' does not exist on type '{ name: string; tournament_type: \"single_elimination\" | \"double_elimination\" | \"round_robin\" | \"swiss\"; game_format: \"8_ball\" | \"9_ball\" | \"10_ball\" | \"straight_pool\"; max_participants: number; ... 10 more ...; rules?: string; }'.",
    "src/components/tournament/steps/PreviewStep.tsx(300,26): error TS2339: Property 'contact_info' does not exist on type '{ name: string; tournament_type: \"single_elimination\" | \"double_elimination\" | \"round_robin\" | \"swiss\"; game_format: \"8_ball\" | \"9_ball\" | \"10_ball\" | \"straight_pool\"; max_participants: number; ... 10 more ...; rules?: string; }'.",
    "src/components/tournament/steps/PreviewStep.tsx(306,34): error TS2339: Property 'contact_info' does not exist on type '{ name: string; tournament_type: \"single_elimination\" | \"double_elimination\" | \"round_robin\" | \"swiss\"; game_format: \"8_ball\" | \"9_ball\" | \"10_ball\" | \"straight_pool\"; max_participants: number; ... 10 more ...; rules?: string; }'.",
    "src/components/tournament/steps/RegistrationSettingsStep.tsx(118,36): error TS2339: Property 'min_rank_requirement' does not exist on type '{ name: string; tournament_type: \"single_elimination\" | \"double_elimination\" | \"round_robin\" | \"swiss\"; game_format: \"8_ball\" | \"9_ball\" | \"10_ball\" | \"straight_pool\"; max_participants: number; ... 10 more ...; rules?: string; }'.",
    "src/components/tournament/steps/RegistrationSettingsStep.tsx(146,36): error TS2339: Property 'max_rank_requirement' does not exist on type '{ name: string; tournament_type: \"single_elimination\" | \"double_elimination\" | \"round_robin\" | \"swiss\"; game_format: \"8_ball\" | \"9_ball\" | \"10_ball\" | \"straight_pool\"; max_participants: number; ... 10 more ...; rules?: string; }'.",
    "src/components/tournament/steps/RegistrationSettingsStep.tsx(249,33): error TS2339: Property 'contact_info' does not exist on type 'FieldErrors<{ name: string; tournament_type: \"single_elimination\" | \"double_elimination\" | \"round_robin\" | \"swiss\"; game_format: \"8_ball\" | \"9_ball\" | \"10_ball\" | \"straight_pool\"; max_participants: number; ... 10 more ...; rules?: string; }>'.",
    "src/components/tournament/steps/RegistrationSettingsStep.tsx(251,21): error TS2339: Property 'contact_info' does not exist on type 'FieldErrors<{ name: string; tournament_type: \"single_elimination\" | \"double_elimination\" | \"round_robin\" | \"swiss\"; game_format: \"8_ball\" | \"9_ball\" | \"10_ball\" | \"straight_pool\"; max_participants: number; ... 10 more ...; rules?: string; }>'.",
    "src/components/tournament/steps/RegistrationSettingsStep.tsx(253,25): error TS2339: Property 'contact_info' does not exist on type 'FieldErrors<{ name: string; tournament_type: \"single_elimination\" | \"double_elimination\" | \"round_robin\" | \"swiss\"; game_format: \"8_ball\" | \"9_ball\" | \"10_ball\" | \"straight_pool\"; max_participants: number; ... 10 more ...; rules?: string; }>'.",
    "src/hooks/useSABOBracket.ts(145,19): error TS2339: Property 'tournamentAdvanced' does not exist on type 'AdvancementResult'.",
    "  Property 'tournament' does not exist on type 'IntrinsicAttributes & TournamentCountdownProps'.",
    "  Property 'tournamentId' does not exist on type 'IntrinsicAttributes & DoubleBracketVisualizationProps'.",
    "  Property 'tournamentName' does not exist on type 'IntrinsicAttributes & TournamentRewardsSyncProps'.",
    "src/utils/tournamentAdapter.ts(76,7): error TS2353: Object literal may only specify known properties, and 'tier_level' does not exist in type 'EnhancedTournament'."
  ],
  "saboTypes": [
    "src/components/tournaments/SABO32TournamentDashboard.tsx(74,35): error TS2554: Expected 1 arguments, but got 2.",
    "src/components/tournaments/SABO32TournamentDashboard.tsx(312,32): error TS2322: Type '{ selectedMatchId: string; }' is not assignable to type 'IntrinsicAttributes & SABO32BracketViewerProps'.",
    "  Property 'selectedMatchId' does not exist on type 'IntrinsicAttributes & SABO32BracketViewerProps'.",
    "src/hooks/useSABOBracket.ts(121,9): error TS2353: Object literal may only specify known properties, and 'match_number' does not exist in type 'MatchData'.",
    "src/hooks/useSABOBracket.ts(144,30): error TS2339: Property 'scoreSubmitted' does not exist on type 'AdvancementResult'.",
    "src/tournaments/sabo/SABO32DoubleEliminationViewer.tsx(262,23): error TS2322: Type 'SABO32Match' is not assignable to type 'SABOMatch'.",
    "  Types of property 'bracket_type' are incompatible.",
    "src/tournaments/sabo/SABO32DoubleEliminationViewer.tsx(293,25): error TS2322: Type 'SABO32Match' is not assignable to type 'SABOMatch'.",
    "  Types of property 'bracket_type' are incompatible.",
    "src/tournaments/sabo/SABO32DoubleEliminationViewer.tsx(321,25): error TS2322: Type 'SABO32Match' is not assignable to type 'SABOMatch'.",
    "  Types of property 'bracket_type' are incompatible.",
    "src/tournaments/sabo/SABO32DoubleEliminationViewer.tsx(351,21): error TS2322: Type 'SABO32Match' is not assignable to type 'SABOMatch'.",
    "  Types of property 'bracket_type' are incompatible.",
    "src/tournaments/sabo/SABO32DoubleEliminationViewer.tsx(428,17): error TS2322: Type 'SABO32Match' is not assignable to type 'SABOMatch'.",
    "  Types of property 'bracket_type' are incompatible.",
    "src/tournaments/sabo/SABO32DoubleEliminationViewer.tsx(451,17): error TS2322: Type 'SABO32Match' is not assignable to type 'SABOMatch'.",
    "  Types of property 'bracket_type' are incompatible."
  ],
  "componentTypes": [
    "src/components/EnhancedChallengesList.tsx(311,11): error TS2322: Type 'import(\"/workspaces/sabo-pool-v12/apps/sabo-user/src/types/challenge\").Challenge' is not assignable to type 'import(\"/workspaces/sabo-pool-v12/apps/sabo-user/src/types/common\").Challenge'.",
    "src/components/GoogleMapsPlacesAutocomplete.tsx(49,45): error TS2339: Property 'env' does not exist on type 'ImportMeta'.",
    "src/components/SocialLoginButtons.tsx(14,15): error TS2339: Property 'OAUTH_CONFIGS' does not exist on type 'typeof import(\"/workspaces/sabo-pool-v12/apps/sabo-user/src/components/utils/authConfig\")'.",
    "src/components/SocialLoginButtons.tsx(58,15): error TS2339: Property 'OAUTH_CONFIGS' does not exist on type 'typeof import(\"/workspaces/sabo-pool-v12/apps/sabo-user/src/components/utils/authConfig\")'.",
    "src/components/challenges/Enhanced/SmartActionButton.tsx(170,9): error TS2322: Type '\"sm\" | \"lg\" | \"md\"' is not assignable to type '\"icon\" | \"default\" | \"sm\" | \"lg\"'.",
    "src/components/challenges/EnhancedChallengeCard.tsx(102,21): error TS2339: Property 'env' does not exist on type 'ImportMeta'.",
    "src/components/challenges/EnhancedChallengeCard.tsx(103,21): error TS2339: Property 'env' does not exist on type 'ImportMeta'.",
    "src/components/challenges/EnhancedChallengeCard.tsx(668,33): error TS2339: Property 'env' does not exist on type 'ImportMeta'.",
    "src/components/challenges/EnhancedChallengeCard.tsx(669,33): error TS2339: Property 'env' does not exist on type 'ImportMeta'.",
    "src/components/challenges/IntegratedScoreManager.tsx(55,21): error TS2339: Property 'env' does not exist on type 'ImportMeta'.",
    "src/components/challenges/IntegratedScoreManager.tsx(56,21): error TS2339: Property 'env' does not exist on type 'ImportMeta'.",
    "src/components/challenges/IntegratedScoreManager.tsx(87,21): error TS2339: Property 'env' does not exist on type 'ImportMeta'.",
    "src/components/challenges/IntegratedScoreManager.tsx(88,21): error TS2339: Property 'env' does not exist on type 'ImportMeta'.",
    "src/components/club-management/MemberManagementTab.tsx(103,5): error TS2322: Type 'Resolver<{ user_id: string; membership_type: string; membership_fee: unknown; }, any, { user_id: string; membership_type: string; membership_fee: number; }>' is not assignable to type 'Resolver<{ user_id: string; membership_type: string; membership_fee: number; }, any, { user_id: string; membership_type: string; membership_fee: number; }>'.",
    "src/components/club-management/MemberManagementTab.tsx(435,25): error TS2322: Type 'Control<{ user_id: string; membership_type: string; membership_fee: number; }, any, TFieldValues>' is not assignable to type 'Control<{ user_id: string; membership_type: string; membership_fee: number; }, any, { user_id: string; membership_type: string; membership_fee: number; }>'.",
    "src/components/club-management/MemberManagementTab.tsx(466,25): error TS2322: Type 'Control<{ user_id: string; membership_type: string; membership_fee: number; }, any, TFieldValues>' is not assignable to type 'Control<{ user_id: string; membership_type: string; membership_fee: number; }, any, { user_id: string; membership_type: string; membership_fee: number; }>'.",
    "src/components/club-management/MemberManagementTab.tsx(492,25): error TS2322: Type 'Control<{ user_id: string; membership_type: string; membership_fee: number; }, any, TFieldValues>' is not assignable to type 'Control<{ user_id: string; membership_type: string; membership_fee: number; }, any, { user_id: string; membership_type: string; membership_fee: number; }>'.",
    "src/components/club-management/RankVerificationTab.tsx(115,5): error TS2322: Type 'Resolver<{ status: string; test_score?: unknown; practical_score?: unknown; theory_score?: unknown; instructor_feedback?: string; club_notes?: string; }, any, { status: string; test_score?: number; practical_score?: number; theory_score?: number; instructor_feedback?: string; club_notes?: string; }>' is not assignable to type 'Resolver<{ status: string; test_score?: number; practical_score?: number; theory_score?: number; instructor_feedback?: string; club_notes?: string; }, any, { status: string; test_score?: number; practical_score?: number; theory_score?: number; instructor_feedback?: string; club_notes?: string; }>'.",
    "src/components/club-management/RankVerificationTab.tsx(452,35): error TS2322: Type 'Control<{ status: string; test_score?: number; practical_score?: number; theory_score?: number; instructor_feedback?: string; club_notes?: string; }, any, TFieldValues>' is not assignable to type 'Control<{ status: string; test_score?: number; practical_score?: number; theory_score?: number; instructor_feedback?: string; club_notes?: string; }, any, { status: string; test_score?: number; practical_score?: number; theory_score?: number; instructor_feedback?: string; club_notes?: string; }>'.",
    "src/components/club-management/RankVerificationTab.tsx(492,35): error TS2322: Type 'Control<{ status: string; test_score?: number; practical_score?: number; theory_score?: number; instructor_feedback?: string; club_notes?: string; }, any, TFieldValues>' is not assignable to type 'Control<{ status: string; test_score?: number; practical_score?: number; theory_score?: number; instructor_feedback?: string; club_notes?: string; }, any, { status: string; test_score?: number; practical_score?: number; theory_score?: number; instructor_feedback?: string; club_notes?: string; }>'.",
    "src/components/club-management/RankVerificationTab.tsx(512,35): error TS2322: Type 'Control<{ status: string; test_score?: number; practical_score?: number; theory_score?: number; instructor_feedback?: string; club_notes?: string; }, any, TFieldValues>' is not assignable to type 'Control<{ status: string; test_score?: number; practical_score?: number; theory_score?: number; instructor_feedback?: string; club_notes?: string; }, any, { status: string; test_score?: number; practical_score?: number; theory_score?: number; instructor_feedback?: string; club_notes?: string; }>'.",
    "src/components/club-management/RankVerificationTab.tsx(529,35): error TS2322: Type 'Control<{ status: string; test_score?: number; practical_score?: number; theory_score?: number; instructor_feedback?: string; club_notes?: string; }, any, TFieldValues>' is not assignable to type 'Control<{ status: string; test_score?: number; practical_score?: number; theory_score?: number; instructor_feedback?: string; club_notes?: string; }, any, { status: string; test_score?: number; practical_score?: number; theory_score?: number; instructor_feedback?: string; club_notes?: string; }>'.",
    "src/components/club-management/RankVerificationTab.tsx(548,33): error TS2322: Type 'Control<{ status: string; test_score?: number; practical_score?: number; theory_score?: number; instructor_feedback?: string; club_notes?: string; }, any, TFieldValues>' is not assignable to type 'Control<{ status: string; test_score?: number; practical_score?: number; theory_score?: number; instructor_feedback?: string; club_notes?: string; }, any, { status: string; test_score?: number; practical_score?: number; theory_score?: number; instructor_feedback?: string; club_notes?: string; }>'.",
    "src/components/club-management/RankVerificationTab.tsx(567,33): error TS2322: Type 'Control<{ status: string; test_score?: number; practical_score?: number; theory_score?: number; instructor_feedback?: string; club_notes?: string; }, any, TFieldValues>' is not assignable to type 'Control<{ status: string; test_score?: number; practical_score?: number; theory_score?: number; instructor_feedback?: string; club_notes?: string; }, any, { status: string; test_score?: number; practical_score?: number; theory_score?: number; instructor_feedback?: string; club_notes?: string; }>'.",
    "src/components/club-management/ScheduleManagementTab.tsx(107,5): error TS2322: Type 'Resolver<{ test_date: string; start_time: string; end_time: string; test_type: string; max_participants: unknown; instructor_id?: string; rank_requirements?: string; equipment_needed?: string; cancellation_policy?: string; }, any, { ...; }>' is not assignable to type 'Resolver<{ test_date: string; start_time: string; end_time: string; test_type: string; max_participants: number; instructor_id?: string; rank_requirements?: string; equipment_needed?: string; cancellation_policy?: string; }, any, { ...; }>'.",
    "src/components/club-management/ScheduleManagementTab.tsx(380,25): error TS2322: Type 'Control<{ test_date: string; start_time: string; end_time: string; test_type: string; max_participants: number; instructor_id?: string; rank_requirements?: string; equipment_needed?: string; cancellation_policy?: string; }, any, TFieldValues>' is not assignable to type 'Control<{ test_date: string; start_time: string; end_time: string; test_type: string; max_participants: number; instructor_id?: string; rank_requirements?: string; equipment_needed?: string; cancellation_policy?: string; }, any, { ...; }>'.",
    "src/components/club-management/ScheduleManagementTab.tsx(393,25): error TS2322: Type 'Control<{ test_date: string; start_time: string; end_time: string; test_type: string; max_participants: number; instructor_id?: string; rank_requirements?: string; equipment_needed?: string; cancellation_policy?: string; }, any, TFieldValues>' is not assignable to type 'Control<{ test_date: string; start_time: string; end_time: string; test_type: string; max_participants: number; instructor_id?: string; rank_requirements?: string; equipment_needed?: string; cancellation_policy?: string; }, any, { ...; }>'.",
    "src/components/club-management/ScheduleManagementTab.tsx(427,25): error TS2322: Type 'Control<{ test_date: string; start_time: string; end_time: string; test_type: string; max_participants: number; instructor_id?: string; rank_requirements?: string; equipment_needed?: string; cancellation_policy?: string; }, any, TFieldValues>' is not assignable to type 'Control<{ test_date: string; start_time: string; end_time: string; test_type: string; max_participants: number; instructor_id?: string; rank_requirements?: string; equipment_needed?: string; cancellation_policy?: string; }, any, { ...; }>'.",
    "src/components/club-management/ScheduleManagementTab.tsx(440,25): error TS2322: Type 'Control<{ test_date: string; start_time: string; end_time: string; test_type: string; max_participants: number; instructor_id?: string; rank_requirements?: string; equipment_needed?: string; cancellation_policy?: string; }, any, TFieldValues>' is not assignable to type 'Control<{ test_date: string; start_time: string; end_time: string; test_type: string; max_participants: number; instructor_id?: string; rank_requirements?: string; equipment_needed?: string; cancellation_policy?: string; }, any, { ...; }>'.",
    "src/components/club-management/ScheduleManagementTab.tsx(453,25): error TS2322: Type 'Control<{ test_date: string; start_time: string; end_time: string; test_type: string; max_participants: number; instructor_id?: string; rank_requirements?: string; equipment_needed?: string; cancellation_policy?: string; }, any, TFieldValues>' is not assignable to type 'Control<{ test_date: string; start_time: string; end_time: string; test_type: string; max_participants: number; instructor_id?: string; rank_requirements?: string; equipment_needed?: string; cancellation_policy?: string; }, any, { ...; }>'.",
    "src/components/club-management/ScheduleManagementTab.tsx(468,23): error TS2322: Type 'Control<{ test_date: string; start_time: string; end_time: string; test_type: string; max_participants: number; instructor_id?: string; rank_requirements?: string; equipment_needed?: string; cancellation_policy?: string; }, any, TFieldValues>' is not assignable to type 'Control<{ test_date: string; start_time: string; end_time: string; test_type: string; max_participants: number; instructor_id?: string; rank_requirements?: string; equipment_needed?: string; cancellation_policy?: string; }, any, { ...; }>'.",
    "src/components/club-management/ScheduleManagementTab.tsx(499,23): error TS2322: Type 'Control<{ test_date: string; start_time: string; end_time: string; test_type: string; max_participants: number; instructor_id?: string; rank_requirements?: string; equipment_needed?: string; cancellation_policy?: string; }, any, TFieldValues>' is not assignable to type 'Control<{ test_date: string; start_time: string; end_time: string; test_type: string; max_participants: number; instructor_id?: string; rank_requirements?: string; equipment_needed?: string; cancellation_policy?: string; }, any, { ...; }>'.",
    "src/components/club-management/ScheduleManagementTab.tsx(515,23): error TS2322: Type 'Control<{ test_date: string; start_time: string; end_time: string; test_type: string; max_participants: number; instructor_id?: string; rank_requirements?: string; equipment_needed?: string; cancellation_policy?: string; }, any, TFieldValues>' is not assignable to type 'Control<{ test_date: string; start_time: string; end_time: string; test_type: string; max_participants: number; instructor_id?: string; rank_requirements?: string; equipment_needed?: string; cancellation_policy?: string; }, any, { ...; }>'.",
    "src/components/club-management/ScheduleManagementTab.tsx(531,23): error TS2322: Type 'Control<{ test_date: string; start_time: string; end_time: string; test_type: string; max_participants: number; instructor_id?: string; rank_requirements?: string; equipment_needed?: string; cancellation_policy?: string; }, any, TFieldValues>' is not assignable to type 'Control<{ test_date: string; start_time: string; end_time: string; test_type: string; max_participants: number; instructor_id?: string; rank_requirements?: string; equipment_needed?: string; cancellation_policy?: string; }, any, { ...; }>'.",
    "src/components/club/RankVerificationTab.tsx(51,37): error TS2339: Property 'isLoading' does not exist on type '{ isClubOwner: boolean; clubProfile: any; loading: boolean; }'.",
    "src/components/debug/PrizeFlowDebugger.tsx(90,15): error TS2322: Type '{ tournamentId: string; initialPrizePool: number; isPreviewMode: boolean; onPrizesChange: (prizes: any) => void; }' is not assignable to type 'IntrinsicAttributes & TournamentPrizesManagerProps'.",
    "src/components/error/AppErrorBoundary.tsx(77,7): error TS2322: Type 'FC<ErrorFallbackProps>' is not assignable to type 'ComponentType<FallbackProps>'.",
    "src/components/error/AppErrorBoundary.tsx(83,7): error TS2322: Type 'React.ReactNode' is not assignable to type 'import(\"/workspaces/sabo-pool-v12/node_modules/.pnpm/@types+react@18.3.24/node_modules/@types/react/index\").ReactNode'.",
    "src/components/error/AuthErrorBoundary.tsx(88,7): error TS2322: Type 'FC<AuthErrorFallbackProps>' is not assignable to type 'ComponentType<FallbackProps>'.",
    "src/components/error/AuthErrorBoundary.tsx(94,7): error TS2322: Type 'React.ReactNode' is not assignable to type 'import(\"/workspaces/sabo-pool-v12/node_modules/.pnpm/@types+react@18.3.24/node_modules/@types/react/index\").ReactNode'.",
    "src/components/layouts/ClubDesktopLayout.tsx(19,37): error TS2339: Property 'isLoading' does not exist on type '{ isClubOwner: boolean; clubProfile: any; loading: boolean; }'.",
    "src/components/layouts/ClubMobileLayout.tsx(17,37): error TS2339: Property 'isLoading' does not exist on type '{ isClubOwner: boolean; clubProfile: any; loading: boolean; }'.",
    "src/components/layouts/ClubOwnerMobileLayout.tsx(18,37): error TS2339: Property 'isLoading' does not exist on type '{ isClubOwner: boolean; clubProfile: any; loading: boolean; }'.",
    "src/components/layouts/ClubTabletLayout.tsx(17,37): error TS2339: Property 'isLoading' does not exist on type '{ isClubOwner: boolean; clubProfile: any; loading: boolean; }'.",
    "src/components/layouts/RoleBasedLayout.tsx(18,20): error TS2339: Property 'isLoading' does not exist on type '{ isAdmin: boolean; loading: boolean; error: any; }'.",
    "src/components/messages/MessageCenter.tsx(351,11): error TS2322: Type '{ isOpen: true; onClose: () => void; }' is not assignable to type 'IntrinsicAttributes & NotificationSettingsProps'.",
    "src/components/messages/MessageList.tsx(395,11): error TS2322: Type '{ message: Message; isOpen: boolean; onClose: () => void; type: \"sent\" | \"inbox\" | \"archive\" | \"trash\"; }' is not assignable to type 'IntrinsicAttributes & MessageModalProps'.",
    "src/components/messages/MessageModal.tsx(124,32): error TS2339: Property 'sender_name' does not exist on type 'Message'.",
    "src/components/messages/MessageModal.tsx(138,39): error TS2339: Property 'type' does not exist on type 'Message'.",
    "src/components/messages/MessageModal.tsx(141,25): error TS2339: Property 'is_read' does not exist on type 'Message'.",
    "src/components/messages/MessageModal.tsx(148,24): error TS2339: Property 'is_important' does not exist on type 'Message'.",
    "src/components/messages/MessageModal.tsx(155,24): error TS2339: Property 'is_archived' does not exist on type 'Message'.",
    "src/components/messages/MessageModal.tsx(174,55): error TS2339: Property 'sender_name' does not exist on type 'Message'.",
    "src/components/messages/MessageModal.tsx(179,26): error TS2339: Property 'is_read' does not exist on type 'Message'.",
    "src/components/messages/MessageModal.tsx(194,22): error TS2339: Property 'attachments' does not exist on type 'Message'.",
    "src/components/messages/MessageModal.tsx(194,45): error TS2339: Property 'attachments' does not exist on type 'Message'.",
    "src/components/messages/MessageModal.tsx(198,28): error TS2339: Property 'attachments' does not exist on type 'Message'.",
    "src/components/messages/MessageModal.tsx(244,23): error TS2339: Property 'is_read' does not exist on type 'Message'.",
    "src/components/messages/MessageModal.tsx(261,36): error TS2339: Property 'is_important' does not exist on type 'Message'.",
    "src/components/messages/MessageModal.tsx(263,53): error TS2339: Property 'is_important' does not exist on type 'Message'.",
    "src/components/messages/MessageModal.tsx(267,36): error TS2339: Property 'is_archived' does not exist on type 'Message'.",
    "src/components/messages/NotificationSettings.tsx(77,18): error TS2339: Property 'quiet_hours_start' does not exist on type 'NotificationSettings'.",
    "src/components/messages/NotificationSettings.tsx(77,48): error TS2339: Property 'quiet_hours_end' does not exist on type 'NotificationSettings'.",
    "src/components/messages/NotificationSettings.tsx(78,26): error TS2339: Property 'quiet_hours_start' does not exist on type 'NotificationSettings'.",
    "src/components/messages/NotificationSettings.tsx(78,58): error TS2339: Property 'quiet_hours_end' does not exist on type 'NotificationSettings'.",
    "src/components/messages/NotificationSettings.tsx(146,39): error TS2339: Property 'email_priority_high' does not exist on type 'NotificationSettings'.",
    "src/components/messages/NotificationSettings.tsx(159,39): error TS2339: Property 'email_digest' does not exist on type 'NotificationSettings'.",
    "src/components/messages/NotificationSettings.tsx(200,41): error TS2339: Property 'push_desktop' does not exist on type 'NotificationSettings'.",
    "src/components/messages/NotificationSettings.tsx(202,78): error TS2339: Property 'push_desktop' does not exist on type 'NotificationSettings'.",
    "src/components/messages/NotificationSettings.tsx(208,41): error TS2339: Property 'push_mobile' does not exist on type 'NotificationSettings'.",
    "src/components/messages/NotificationSettings.tsx(210,77): error TS2339: Property 'push_mobile' does not exist on type 'NotificationSettings'.",
    "src/components/messages/NotificationSettings.tsx(229,39): error TS2339: Property 'push_sound' does not exist on type 'NotificationSettings'.",
    "src/components/messages/NotificationSettings.tsx(256,33): error TS2339: Property 'quiet_hours_enabled' does not exist on type 'NotificationSettings'.",
    "src/components/messages/NotificationSettings.tsx(261,21): error TS2339: Property 'quiet_hours_enabled' does not exist on type 'NotificationSettings'.",
    "src/components/messages/NotificationSettings.tsx(270,37): error TS2339: Property 'quiet_hours_start' does not exist on type 'NotificationSettings'.",
    "src/components/messages/NotificationSettings.tsx(280,37): error TS2339: Property 'quiet_hours_end' does not exist on type 'NotificationSettings'.",
    "src/components/messages/NotificationSettings.tsx(317,35): error TS2339: Property 'notify_important_only' does not exist on type 'NotificationSettings'.",
    "src/components/messages/NotificationSettings.tsx(325,33): error TS2339: Property 'min_priority' does not exist on type 'NotificationSettings'.",
    "src/components/messages/NotificationSettings.tsx(347,35): error TS2339: Property 'notify_system_messages' does not exist on type 'NotificationSettings'.",
    "src/components/messages/NotificationSettings.tsx(372,33): error TS2339: Property 'show_preview' does not exist on type 'NotificationSettings'.",
    "src/components/messages/NotificationSettings.tsx(385,33): error TS2339: Property 'show_sender' does not exist on type 'NotificationSettings'.",
    "src/components/milestones/MilestonesList.tsx(316,25): error TS2322: Type '{ key: string; milestone: Milestone; }' is not assignable to type 'IntrinsicAttributes & MilestoneCardProps'.",
    "src/components/milestones/MilestonesList.tsx(333,19): error TS2322: Type '{ key: any; milestone: any; }' is not assignable to type 'IntrinsicAttributes & MilestoneCardProps'.",
    "src/components/milestones/MilestonesList.tsx(346,19): error TS2322: Type '{ key: any; milestone: any; }' is not assignable to type 'IntrinsicAttributes & MilestoneCardProps'.",
    "src/components/modals/JoinChallengeConfirmDialog.tsx(83,54): error TS2339: Property 'challenge_type' does not exist on type 'Challenge'.",
    "src/components/modals/JoinChallengeConfirmDialog.tsx(90,51): error TS2339: Property 'game_format' does not exist on type 'Challenge'.",
    "src/components/modals/JoinChallengeConfirmDialog.tsx(112,28): error TS2339: Property 'description' does not exist on type 'Challenge'.",
    "src/components/modals/JoinChallengeConfirmDialog.tsx(116,34): error TS2339: Property 'description' does not exist on type 'Challenge'.",
    "src/components/profile/DesktopProfileContent.tsx(43,11): error TS2322: Type '{ editingProfile: any; saving: any; onChange: any; onSave: () => void; onCancel: () => void; theme: string; }' is not assignable to type 'IntrinsicAttributes & TabEditProfileProps'.",
    "src/components/ranking/RankingDashboard.tsx(19,5): error TS2339: Property 'playerRanking' does not exist on type '{ ranking: PlayerRankingData; loading: boolean; error: string; }'.",
    "src/components/ranking/RankingDashboard.tsx(20,5): error TS2339: Property 'ranks' does not exist on type '{ ranking: PlayerRankingData; loading: boolean; error: string; }'.",
    "src/components/ranking/RankingDashboard.tsx(21,5): error TS2339: Property 'spaPointsLog' does not exist on type '{ ranking: PlayerRankingData; loading: boolean; error: string; }'.",
    "src/components/ranking/RankingDashboard.tsx(22,5): error TS2339: Property 'rankingHistory' does not exist on type '{ ranking: PlayerRankingData; loading: boolean; error: string; }'.",
    "src/components/ranking/RankingDashboard.tsx(25,5): error TS2339: Property 'getPointsBreakdown' does not exist on type '{ ranking: PlayerRankingData; loading: boolean; error: string; }'.",
    "src/components/ranking/RankingDashboard.tsx(26,5): error TS2339: Property 'getRankProgress' does not exist on type '{ ranking: PlayerRankingData; loading: boolean; error: string; }'.",
    "src/components/ranking/RankingDashboard.tsx(27,5): error TS2339: Property 'getDailyChallengeCount' does not exist on type '{ ranking: PlayerRankingData; loading: boolean; error: string; }'.",
    "src/components/ranking/RankingDashboard.tsx(28,5): error TS2339: Property 'initializePlayerRanking' does not exist on type '{ ranking: PlayerRankingData; loading: boolean; error: string; }'.",
    "src/components/ranking/RankingDashboard.tsx(29,5): error TS2339: Property 'refetch' does not exist on type '{ ranking: PlayerRankingData; loading: boolean; error: string; }'.",
    "src/components/ranking/SPAPointsCard.tsx(146,47): error TS2339: Property 'toast' does not exist on type 'typeof import(\"/workspaces/sabo-pool-v12/apps/sabo-user/src/components/ranking/hooks/use-toast\")'.",
    "src/components/security/InputValidator.tsx(140,34): error TS2339: Property 'errors' does not exist on type 'ZodError<unknown>'.",
    "src/components/security/InputValidator.tsx(157,34): error TS2339: Property 'errors' does not exist on type 'ZodError<unknown>'.",
    "src/components/security/InputValidator.tsx(175,20): error TS2339: Property 'errors' does not exist on type 'ZodError<any>'.",
    "src/components/tablet/TabletLayout.tsx(21,3): error TS2339: Property 'showWallet' does not exist on type 'TabletLayoutProps'.",
    "src/components/testing/TournamentIntegrityChecker.tsx(102,44): error TS2339: Property 'filter' does not exist on type 'unknown'.",
    "src/components/testing/TournamentIntegrityChecker.tsx(106,49): error TS2339: Property 'length' does not exist on type 'unknown'.",
    "src/components/tournament/EditTournamentModal.tsx(384,21): error TS2322: Type 'Control<{ name: string; tournament_type: TournamentType; game_format: GameFormat; registration_start: string; registration_end: string; tournament_start: string; ... 17 more ...; has_third_place_match?: boolean; }, any, TFieldValues>' is not assignable to type 'Control<{ name: string; tournament_type: TournamentType; game_format: GameFormat; registration_start: string; registration_end: string; tournament_start: string; ... 17 more ...; has_third_place_match?: boolean; }, any, { ...; }>'.",
    "src/components/tournament/EditTournamentModal.tsx(398,21): error TS2322: Type 'Control<{ name: string; tournament_type: TournamentType; game_format: GameFormat; registration_start: string; registration_end: string; tournament_start: string; ... 17 more ...; has_third_place_match?: boolean; }, any, TFieldValues>' is not assignable to type 'Control<{ name: string; tournament_type: TournamentType; game_format: GameFormat; registration_start: string; registration_end: string; tournament_start: string; ... 17 more ...; has_third_place_match?: boolean; }, any, { ...; }>'.",
    "src/components/tournament/EditTournamentModal.tsx(413,23): error TS2322: Type 'Control<{ name: string; tournament_type: TournamentType; game_format: GameFormat; registration_start: string; registration_end: string; tournament_start: string; ... 17 more ...; has_third_place_match?: boolean; }, any, TFieldValues>' is not assignable to type 'Control<{ name: string; tournament_type: TournamentType; game_format: GameFormat; registration_start: string; registration_end: string; tournament_start: string; ... 17 more ...; has_third_place_match?: boolean; }, any, { ...; }>'.",
    "src/components/tournament/EditTournamentModal.tsx(452,23): error TS2322: Type 'Control<{ name: string; tournament_type: TournamentType; game_format: GameFormat; registration_start: string; registration_end: string; tournament_start: string; ... 17 more ...; has_third_place_match?: boolean; }, any, TFieldValues>' is not assignable to type 'Control<{ name: string; tournament_type: TournamentType; game_format: GameFormat; registration_start: string; registration_end: string; tournament_start: string; ... 17 more ...; has_third_place_match?: boolean; }, any, { ...; }>'.",
    "src/components/tournament/EditTournamentModal.tsx(489,23): error TS2322: Type 'Control<{ name: string; tournament_type: TournamentType; game_format: GameFormat; registration_start: string; registration_end: string; tournament_start: string; ... 17 more ...; has_third_place_match?: boolean; }, any, TFieldValues>' is not assignable to type 'Control<{ name: string; tournament_type: TournamentType; game_format: GameFormat; registration_start: string; registration_end: string; tournament_start: string; ... 17 more ...; has_third_place_match?: boolean; }, any, { ...; }>'.",
    "src/components/tournament/EditTournamentModal.tsx(526,23): error TS2322: Type 'Control<{ name: string; tournament_type: TournamentType; game_format: GameFormat; registration_start: string; registration_end: string; tournament_start: string; ... 17 more ...; has_third_place_match?: boolean; }, any, TFieldValues>' is not assignable to type 'Control<{ name: string; tournament_type: TournamentType; game_format: GameFormat; registration_start: string; registration_end: string; tournament_start: string; ... 17 more ...; has_third_place_match?: boolean; }, any, { ...; }>'.",
    "src/components/tournament/EditTournamentModal.tsx(546,23): error TS2322: Type 'Control<{ name: string; tournament_type: TournamentType; game_format: GameFormat; registration_start: string; registration_end: string; tournament_start: string; ... 17 more ...; has_third_place_match?: boolean; }, any, TFieldValues>' is not assignable to type 'Control<{ name: string; tournament_type: TournamentType; game_format: GameFormat; registration_start: string; registration_end: string; tournament_start: string; ... 17 more ...; has_third_place_match?: boolean; }, any, { ...; }>'.",
    "src/components/tournament/EditTournamentModal.tsx(564,23): error TS2322: Type 'Control<{ name: string; tournament_type: TournamentType; game_format: GameFormat; registration_start: string; registration_end: string; tournament_start: string; ... 17 more ...; has_third_place_match?: boolean; }, any, TFieldValues>' is not assignable to type 'Control<{ name: string; tournament_type: TournamentType; game_format: GameFormat; registration_start: string; registration_end: string; tournament_start: string; ... 17 more ...; has_third_place_match?: boolean; }, any, { ...; }>'.",
    "src/components/tournament/EditTournamentModal.tsx(583,21): error TS2322: Type 'Control<{ name: string; tournament_type: TournamentType; game_format: GameFormat; registration_start: string; registration_end: string; tournament_start: string; ... 17 more ...; has_third_place_match?: boolean; }, any, TFieldValues>' is not assignable to type 'Control<{ name: string; tournament_type: TournamentType; game_format: GameFormat; registration_start: string; registration_end: string; tournament_start: string; ... 17 more ...; has_third_place_match?: boolean; }, any, { ...; }>'.",
    "src/components/tournament/EditTournamentModal.tsx(598,23): error TS2322: Type 'Control<{ name: string; tournament_type: TournamentType; game_format: GameFormat; registration_start: string; registration_end: string; tournament_start: string; ... 17 more ...; has_third_place_match?: boolean; }, any, TFieldValues>' is not assignable to type 'Control<{ name: string; tournament_type: TournamentType; game_format: GameFormat; registration_start: string; registration_end: string; tournament_start: string; ... 17 more ...; has_third_place_match?: boolean; }, any, { ...; }>'.",
    "src/components/tournament/EditTournamentModal.tsx(612,23): error TS2322: Type 'Control<{ name: string; tournament_type: TournamentType; game_format: GameFormat; registration_start: string; registration_end: string; tournament_start: string; ... 17 more ...; has_third_place_match?: boolean; }, any, TFieldValues>' is not assignable to type 'Control<{ name: string; tournament_type: TournamentType; game_format: GameFormat; registration_start: string; registration_end: string; tournament_start: string; ... 17 more ...; has_third_place_match?: boolean; }, any, { ...; }>'.",
    "src/components/tournament/EditTournamentModal.tsx(628,23): error TS2322: Type 'Control<{ name: string; tournament_type: TournamentType; game_format: GameFormat; registration_start: string; registration_end: string; tournament_start: string; ... 17 more ...; has_third_place_match?: boolean; }, any, TFieldValues>' is not assignable to type 'Control<{ name: string; tournament_type: TournamentType; game_format: GameFormat; registration_start: string; registration_end: string; tournament_start: string; ... 17 more ...; has_third_place_match?: boolean; }, any, { ...; }>'.",
    "src/components/tournament/EditTournamentModal.tsx(642,23): error TS2322: Type 'Control<{ name: string; tournament_type: TournamentType; game_format: GameFormat; registration_start: string; registration_end: string; tournament_start: string; ... 17 more ...; has_third_place_match?: boolean; }, any, TFieldValues>' is not assignable to type 'Control<{ name: string; tournament_type: TournamentType; game_format: GameFormat; registration_start: string; registration_end: string; tournament_start: string; ... 17 more ...; has_third_place_match?: boolean; }, any, { ...; }>'.",
    "src/components/tournament/EditTournamentModal.tsx(657,21): error TS2322: Type 'Control<{ name: string; tournament_type: TournamentType; game_format: GameFormat; registration_start: string; registration_end: string; tournament_start: string; ... 17 more ...; has_third_place_match?: boolean; }, any, TFieldValues>' is not assignable to type 'Control<{ name: string; tournament_type: TournamentType; game_format: GameFormat; registration_start: string; registration_end: string; tournament_start: string; ... 17 more ...; has_third_place_match?: boolean; }, any, { ...; }>'.",
    "src/components/tournament/EditTournamentModal.tsx(671,21): error TS2322: Type 'Control<{ name: string; tournament_type: TournamentType; game_format: GameFormat; registration_start: string; registration_end: string; tournament_start: string; ... 17 more ...; has_third_place_match?: boolean; }, any, TFieldValues>' is not assignable to type 'Control<{ name: string; tournament_type: TournamentType; game_format: GameFormat; registration_start: string; registration_end: string; tournament_start: string; ... 17 more ...; has_third_place_match?: boolean; }, any, { ...; }>'.",
    "src/components/tournament/EnhancedTournamentForm.tsx(105,5): error TS2322: Type 'Resolver<{ name: string; tournament_type: \"single_elimination\" | \"double_elimination\" | \"round_robin\" | \"swiss\"; game_format: \"8_ball\" | \"9_ball\" | \"10_ball\" | \"straight_pool\"; max_participants: number; ... 10 more ...; requires_approval?: boolean; }, any, { ...; }>' is not assignable to type 'Resolver<TournamentFormData, any, TournamentFormData>'.",
    "src/components/tournament/EnhancedTournamentForm.tsx(794,44): error TS2322: Type 'UseFormReturn<TournamentFormData, any, TFieldValues>' is not assignable to type 'UseFormReturn<TournamentFormData>'.",
    "src/components/tournament/RewardsEditModal.tsx(118,5): error TS2322: Type 'Resolver<{ totalPrize: number; showPrizes: boolean; positions: { position: number; name: string; cashPrize: number; eloPoints: number; spaPoints: number; items?: string[]; }[]; specialAwards?: { name: string; cashPrize: number; eloPoints: number; spaPoints: number; description?: string; }[]; }, any, { ...; }>' is not assignable to type 'Resolver<TournamentRewards, any, TournamentRewards>'.",
    "src/components/tournament/TournamentSettingsSection.tsx(201,52): error TS2322: Type 'unknown' is not assignable to type 'ReactNode'.",
    "src/components/tournament/TournamentSettingsSection.tsx(242,52): error TS2322: Type 'unknown' is not assignable to type 'ReactNode'.",
    "src/components/tournaments/automation/TournamentAutomationDashboard.tsx(92,15): error TS2322: Type '(tId?: string) => Promise<void>' is not assignable to type 'MouseEventHandler<HTMLButtonElement>'.",
    "src/components/ui/command.tsx(31,11): error TS2322: Type 'React.ReactNode' is not assignable to type 'import(\"/workspaces/sabo-pool-v12/node_modules/.pnpm/@types+react@18.3.24/node_modules/@types/react/index\").ReactNode'.",
    "src/components/ui/scrollable-table.tsx(63,45): error TS2339: Property 'className' does not exist on type 'unknown'.",
    "src/components/utils/authConfig.ts(8,27): error TS2339: Property 'env' does not exist on type 'ImportMeta'.",
    "src/components/utils/authConfig.ts(13,24): error TS2339: Property 'env' does not exist on type 'ImportMeta'.",
    "src/components/utils/authConfig.ts(18,27): error TS2339: Property 'env' does not exist on type 'ImportMeta'.",
    "src/components/utils/authConfig.ts(23,27): error TS2339: Property 'env' does not exist on type 'ImportMeta'.",
    "src/components/utils/authConfig.ts(34,27): error TS2339: Property 'clientId' does not exist on type '{ clientId: any; redirectUri: string; } | { appId: any; redirectUri: string; } | { clientId: any; redirectUri: string; } | { clientId: any; redirectUri: string; }'.",
    "src/contexts/TournamentContext.tsx(82,11): error TS2322: Type 'TournamentRewardsCalculation' is not assignable to type 'TournamentRewards'.",
    "src/hooks/__tests__/useTournamentService.test.tsx(61,47): error TS2322: Type 'React.ReactNode' is not assignable to type 'import(\"/workspaces/sabo-pool-v12/node_modules/.pnpm/@types+react@18.3.24/node_modules/@types/react/index\").ReactNode'.",
    "src/hooks/usePerformanceOptimization.ts(44,24): error TS2339: Property 'hadRecentInput' does not exist on type 'PerformanceEntry'.",
    "src/hooks/useRankRequests.tsx(152,34): error TS2339: Property 'env' does not exist on type 'ImportMeta'.",
    "src/integrations/supabase/client.ts(7,15): error TS2339: Property 'env' does not exist on type 'ImportMeta'.",
    "src/integrations/supabase/client.ts(10,15): error TS2339: Property 'env' does not exist on type 'ImportMeta'.",
    "src/integrations/supabase/client.ts(14,17): error TS2339: Property 'env' does not exist on type 'ImportMeta'.",
    "src/integrations/supabase/client.ts(18,30): error TS2339: Property 'env' does not exist on type 'ImportMeta'.",
    "src/integrations/supabase/service.ts(8,33): error TS2339: Property 'env' does not exist on type 'ImportMeta'.",
    "src/integrations/supabase/service.ts(9,40): error TS2339: Property 'env' does not exist on type 'ImportMeta'.",
    "src/lib/env.ts(41,34): error TS2339: Property 'env' does not exist on type 'ImportMeta'.",
    "src/lib/env.ts(42,37): error TS2339: Property 'env' does not exist on type 'ImportMeta'.",
    "src/lib/env.ts(43,36): error TS2339: Property 'env' does not exist on type 'ImportMeta'.",
    "src/lib/env.ts(44,37): error TS2339: Property 'env' does not exist on type 'ImportMeta'.",
    "src/lib/env.ts(45,34): error TS2339: Property 'env' does not exist on type 'ImportMeta'.",
    "src/lib/env.ts(46,39): error TS2339: Property 'env' does not exist on type 'ImportMeta'.",
    "src/lib/env.ts(47,33): error TS2339: Property 'env' does not exist on type 'ImportMeta'.",
    "src/lib/env.ts(48,30): error TS2339: Property 'env' does not exist on type 'ImportMeta'.",
    "src/lib/env.ts(49,32): error TS2339: Property 'env' does not exist on type 'ImportMeta'.",
    "src/lib/env.ts(50,32): error TS2339: Property 'env' does not exist on type 'ImportMeta'.",
    "src/lib/env.ts(51,38): error TS2339: Property 'env' does not exist on type 'ImportMeta'.",
    "src/lib/env.ts(52,42): error TS2339: Property 'env' does not exist on type 'ImportMeta'.",
    "src/lib/env.ts(53,20): error TS2339: Property 'env' does not exist on type 'ImportMeta'.",
    "src/lib/env.ts(54,21): error TS2339: Property 'env' does not exist on type 'ImportMeta'.",
    "src/lib/sentry.ts(4,19): error TS2339: Property 'env' does not exist on type 'ImportMeta'.",
    "src/lib/sentry.ts(6,24): error TS2339: Property 'env' does not exist on type 'ImportMeta'.",
    "src/lib/sentry.ts(11,32): error TS2339: Property 'env' does not exist on type 'ImportMeta'.",
    "src/lib/sentry.ts(12,28): error TS2339: Property 'env' does not exist on type 'ImportMeta'.",
    "src/lib/sentryConfig.ts(18,32): error TS2339: Property 'env' does not exist on type 'ImportMeta'.",
    "src/lib/sentryConfig.ts(21,25): error TS2339: Property 'env' does not exist on type 'ImportMeta'.",
    "src/pages/ChallengeTabsStabilityTest.tsx(188,115): error TS2339: Property 'opponent_profile' does not exist on type '{ id: string; challenger_id: string; opponent_id: string; status: string; }'.",
    "src/pages/ChallengeTabsStabilityTest.tsx(189,119): error TS2339: Property 'opponent_profile' does not exist on type '{ id: string; challenger_id: string; opponent_id: string; status: string; }'.",
    "src/pages/ChallengeTabsStabilityTest.tsx(207,65): error TS2339: Property 'challenger_id' does not exist on type '{ id: string; challenger_id: string; opponent_id: string; status: string; } | { id: string; message: string; }'.",
    "src/pages/ChallengeTabsStabilityTest.tsx(207,89): error TS2339: Property 'opponent_id' does not exist on type '{ id: string; challenger_id: string; opponent_id: string; status: string; } | { id: string; message: string; }'.",
    "src/pages/ChallengeTabsStabilityTest.tsx(214,53): error TS2339: Property 'challenger_profile' does not exist on type '{ id: string; challenger_id: string; opponent_id: string; status: string; } | { id: string; message: string; }'.",
    "src/pages/ChallengeTabsStabilityTest.tsx(214,83): error TS2339: Property 'opponent_profile' does not exist on type '{ id: string; challenger_id: string; opponent_id: string; status: string; } | { id: string; message: string; }'.",
    "src/pages/ChallengeTabsStabilityTest.tsx(221,67): error TS2339: Property 'challenger_id' does not exist on type '{ id: string; challenger_id: string; opponent_id: string; status: string; } | { id: string; message: string; }'.",
    "src/pages/ChallengeTabsStabilityTest.tsx(221,92): error TS2339: Property 'opponent_id' does not exist on type '{ id: string; challenger_id: string; opponent_id: string; status: string; } | { id: string; message: string; }'.",
    "src/pages/ClubsPage.tsx(69,25): error TS2339: Property 'phone' does not exist on type 'ClubLite'.",
    "src/pages/ClubsPage.tsx(72,29): error TS2339: Property 'phone' does not exist on type 'ClubLite'.",
    "src/pages/ClubsPage.tsx(95,25): error TS2339: Property 'description' does not exist on type 'ClubLite'.",
    "src/pages/ClubsPage.tsx(97,29): error TS2339: Property 'description' does not exist on type 'ClubLite'.",
    "src/pages/CreateTournamentExample.tsx(138,15): error TS2322: Type '{ rewards: any; maxParticipants: any; entryFee: any; showAsTemplate: boolean; isEditable: boolean; onRewardsUpdated: (rewards: any) => void; onUseTemplate: (rewards: any) => void; }' is not assignable to type 'IntrinsicAttributes & OptimizedRewardsSectionProps'.",
    "src/pages/InboxPage.tsx(136,52): error TS2339: Property 'read_at' does not exist on type 'Message | ChallengeNotification'.",
    "src/pages/InboxPage.tsx(139,51): error TS2339: Property 'read_at' does not exist on type 'Message | ChallengeNotification'.",
    "src/pages/MilestonePage.tsx(47,67): error TS2339: Property 'current_value' does not exist on type 'PlayerMilestone'.",
    "src/pages/NewComponentsShowcase.tsx(199,21): error TS2322: Type '{ tournament: { id: string; name: string; startTime: Date; }; format: string; showUrgency: boolean; }' is not assignable to type 'IntrinsicAttributes & TournamentCountdownProps'.",
    "src/pages/NewComponentsShowcase.tsx(220,21): error TS2322: Type '{ match: { id: string; tournament: string; round: string; player1: { id: string; name: string; avatar: string; score: number; }; player2: { id: string; name: string; avatar: string; score: number; }; status: string; spectatorCount: number; startTime: Date; }; showSpectatorCount: boolean; onJoinSpectator: () => void; }' is not assignable to type 'IntrinsicAttributes & LiveMatchStatusProps'.",
    "src/pages/NewComponentsShowcase.tsx(283,21): error TS2322: Type '{ currentAvatar: string; playerLevel: number; unlockedFrames: string[]; selectedTheme: string; onAvatarChange: (newAvatar: string) => void; onFrameChange: (newFrame: string) => void; onThemeChange: (newTheme: string) => void; }' is not assignable to type 'IntrinsicAttributes & AvatarManagerProps'.",
    "src/pages/NewComponentsShowcase.tsx(533,58): error TS2322: Type 'Window' is not assignable to type 'void | Promise<void>'.",
    "src/pages/OptimizedMobileProfile.tsx(145,17): error TS2322: Type '{ editingProfile: Partial<UnifiedProfile>; saving: boolean; onChange: (field: string, value: any) => void; onSave: () => Promise<boolean>; onCancel: () => void; theme: string; }' is not assignable to type 'IntrinsicAttributes & TabEditProfileProps'.",
    "src/pages/SPADashboard.tsx(23,22): error TS2339: Property 'getMilestones' does not exist on type 'SPAService'.",
    "src/pages/SPADashboard.tsx(24,22): error TS2339: Property 'getUserMilestoneProgress' does not exist on type 'SPAService'.",
    "src/pages/SPADashboard.tsx(25,22): error TS2339: Property 'getUserTransactions' does not exist on type 'SPAService'.",
    "src/pages/SPATestPage.tsx(10,35): error TS2339: Property 'refreshSPAData' does not exist on type '{ currentPoints: number; loading: boolean; refresh: () => Promise<void>; add: (points: number, reason?: string) => Promise<number> | Promise<{ success: boolean; balance: number; requiresRanking: boolean; }>; deduct: (points: number, reason?: string) => Promise<...> | Promise<...>; }'.",
    "src/pages/SystemAuditPage.tsx(136,37): error TS2339: Property 'env' does not exist on type 'ImportMeta'.",
    "src/pages/SystemAuditPage.tsx(137,37): error TS2339: Property 'env' does not exist on type 'ImportMeta'.",
    "src/pages/SystemAuditPage.tsx(199,33): error TS2339: Property 'env' does not exist on type 'ImportMeta'.",
    "src/pages/TournamentManagement.tsx(293,11): error TS2322: Type '{ tournamentId: string; isClubOwner: boolean; }' is not assignable to type 'IntrinsicAttributes & DoubleBracketVisualizationProps'.",
    "src/pages/TournamentResultsPage.tsx(149,9): error TS2322: Type '{ tournamentId: string; tournamentName: string; onSyncCompleted: () => Promise<void>; }' is not assignable to type 'IntrinsicAttributes & TournamentRewardsSyncProps'.",
    "src/pages/mobile/profile/components/RecentActivities.tsx(250,38): error TS2339: Property 'points' does not exist on type '{ icon: Element; title: string; time: string; gradient: string; }'.",
    "src/services/RewardsService.ts(394,20): error TS2339: Property 'cashPrize' does not exist on type 'SpecialAward'.",
    "src/services/ValidationService.ts(90,60): error TS2339: Property 'allow_all_ranks' does not exist on type 'Partial<TournamentFormData>'.",
    "src/services/ValidationService.ts(204,12): error TS2339: Property 'tier_level' does not exist on type 'Partial<TournamentFormData>'.",
    "src/services/ValidationService.ts(205,52): error TS2339: Property 'tier_level' does not exist on type 'Partial<TournamentFormData>'.",
    "src/services/ValidationService.ts(345,15): error TS2339: Property 'allow_all_ranks' does not exist on type 'Partial<TournamentFormData>'.",
    "src/services/ValidationService.ts(346,17): error TS2339: Property 'eligible_ranks' does not exist on type 'Partial<TournamentFormData>'.",
    "src/services/ValidationService.ts(346,40): error TS2339: Property 'eligible_ranks' does not exist on type 'Partial<TournamentFormData>'.",
    "src/services/ValidationService.ts(351,35): error TS2339: Property 'eligible_ranks' does not exist on type 'Partial<TournamentFormData>'.",
    "src/services/messageService.ts(264,29): error TS2322: Type 'number' is not assignable to type 'boolean'.",
    "src/services/messageService.ts(378,29): error TS2322: Type 'undefined[]' is not assignable to type 'string'.",
    "src/services/messageService.ts(513,29): error TS2322: Type 'boolean' is not assignable to type 'NotificationSettings'.",
    "src/utils/supabaseHealth.ts(75,35): error TS2339: Property 'env' does not exist on type 'ImportMeta'.",
    "src/utils/supabaseHealth.ts(76,35): error TS2339: Property 'env' does not exist on type 'ImportMeta'."
  ],
  "other": [
    "src/components/ClubTournamentManagement.tsx(307,33): error TS2686: 'React' refers to a UMD global, but the current file is a module. Consider adding an import instead.",
    "src/components/Navigation.tsx(25,10): error TS2305: Module '\"@/utils/adminHelpers\"' has no exported member 'checkUserAdminStatus'.",
    "src/components/RankTestModal.tsx(97,3): error TS2686: 'React' refers to a UMD global, but the current file is a module. Consider adding an import instead.",
    "src/components/__tests__/display-name.test.tsx(3,1): error TS2582: Cannot find name 'describe'. Do you need to install type definitions for a test runner? Try `npm i --save-dev @types/jest` or `npm i --save-dev @types/mocha`.",
    "src/components/__tests__/display-name.test.tsx(4,3): error TS2582: Cannot find name 'test'. Do you need to install type definitions for a test runner? Try `npm i --save-dev @types/jest` or `npm i --save-dev @types/mocha`.",
    "src/components/__tests__/display-name.test.tsx(11,5): error TS2304: Cannot find name 'expect'.",
    "src/components/__tests__/display-name.test.tsx(14,3): error TS2582: Cannot find name 'test'. Do you need to install type definitions for a test runner? Try `npm i --save-dev @types/jest` or `npm i --save-dev @types/mocha`.",
    "src/components/__tests__/display-name.test.tsx(21,5): error TS2304: Cannot find name 'expect'.",
    "src/components/__tests__/display-name.test.tsx(24,3): error TS2582: Cannot find name 'test'. Do you need to install type definitions for a test runner? Try `npm i --save-dev @types/jest` or `npm i --save-dev @types/mocha`.",
    "src/components/__tests__/display-name.test.tsx(32,5): error TS2304: Cannot find name 'expect'.",
    "src/components/__tests__/display-name.test.tsx(35,3): error TS2582: Cannot find name 'test'. Do you need to install type definitions for a test runner? Try `npm i --save-dev @types/jest` or `npm i --save-dev @types/mocha`.",
    "src/components/__tests__/display-name.test.tsx(43,5): error TS2304: Cannot find name 'expect'.",
    "src/components/__tests__/display-name.test.tsx(46,3): error TS2582: Cannot find name 'test'. Do you need to install type definitions for a test runner? Try `npm i --save-dev @types/jest` or `npm i --save-dev @types/mocha`.",
    "src/components/__tests__/display-name.test.tsx(54,5): error TS2304: Cannot find name 'expect'.",
    "src/components/__tests__/display-name.test.tsx(57,3): error TS2582: Cannot find name 'test'. Do you need to install type definitions for a test runner? Try `npm i --save-dev @types/jest` or `npm i --save-dev @types/mocha`.",
    "src/components/__tests__/display-name.test.tsx(61,5): error TS2304: Cannot find name 'expect'.",
    "src/components/__tests__/display-name.test.tsx(64,3): error TS2582: Cannot find name 'test'. Do you need to install type definitions for a test runner? Try `npm i --save-dev @types/jest` or `npm i --save-dev @types/mocha`.",
    "src/components/__tests__/display-name.test.tsx(70,5): error TS2304: Cannot find name 'expect'.",
    "src/components/__tests__/display-name.test.tsx(73,3): error TS2582: Cannot find name 'test'. Do you need to install type definitions for a test runner? Try `npm i --save-dev @types/jest` or `npm i --save-dev @types/mocha`.",
    "src/components/__tests__/display-name.test.tsx(79,5): error TS2304: Cannot find name 'expect'.",
    "src/components/challenges/Enhanced/SwipeableCard.tsx(6,3): error TS2305: Module '\"lucide-react\"' has no exported member 'SwipeRight'.",
    "src/components/challenges/Enhanced/SwipeableCard.tsx(7,3): error TS2305: Module '\"lucide-react\"' has no exported member 'SwipeLeft'.",
    "src/components/challenges/EnhancedChallengeCard.tsx(146,72): error TS2554: Expected 0 arguments, but got 1.",
    "src/components/club-management/MemberManagementTab.tsx(431,51): error TS2345: Argument of type '(values: z.infer<typeof addMemberSchema>) => Promise<void>' is not assignable to parameter of type 'SubmitHandler<TFieldValues>'.",
    "src/components/club-management/RankVerificationTab.tsx(446,33): error TS2345: Argument of type '(values: z.infer<typeof updateVerificationSchema>) => Promise<void>' is not assignable to parameter of type 'SubmitHandler<TFieldValues>'.",
    "src/components/club-management/ScheduleManagementTab.tsx(375,49): error TS2345: Argument of type '(values: z.infer<typeof createScheduleSchema>) => Promise<void>' is not assignable to parameter of type 'SubmitHandler<TFieldValues>'.",
    "src/components/gaming/LiveMatchStatus.tsx(327,18): error TS2741: Property 'matchId' is missing in type '{ id: string; status: \"completed\" | \"waiting\" | \"cancelled\" | \"in-progress\" | \"paused\"; player1: { id: string; name: string; avatar?: string; score?: number; }; player2: { id: string; name: string; avatar?: string; score?: number; }; spectatorCount?: number; elapsedTime?: number; round?: string; table?: string; }' but required in type 'LiveMatchStatusProps'.",
    "src/components/gaming/LiveMatchStatus.tsx(344,18): error TS2741: Property 'matchId' is missing in type '{ id: string; status: \"completed\" | \"waiting\" | \"cancelled\" | \"in-progress\" | \"paused\"; player1: { id: string; name: string; avatar?: string; score?: number; }; player2: { id: string; name: string; avatar?: string; score?: number; }; spectatorCount?: number; elapsedTime?: number; round?: string; table?: string; }' but required in type 'LiveMatchStatusProps'.",
    "src/components/gaming/LiveMatchStatus.tsx(361,18): error TS2741: Property 'matchId' is missing in type '{ id: string; status: \"completed\" | \"waiting\" | \"cancelled\" | \"in-progress\" | \"paused\"; player1: { id: string; name: string; avatar?: string; score?: number; }; player2: { id: string; name: string; avatar?: string; score?: number; }; spectatorCount?: number; elapsedTime?: number; round?: string; table?: string; }' but required in type 'LiveMatchStatusProps'.",
    "src/components/messages/MessageSearch.tsx(287,57): error TS2345: Argument of type 'DateRange' is not assignable to parameter of type 'SetStateAction<{ from: Date; to: Date; }>'.",
    "src/components/messages/NotificationSettings.tsx(147,65): error TS2345: Argument of type '\"email_priority_high\"' is not assignable to parameter of type 'keyof NotificationSettings'.",
    "src/components/messages/NotificationSettings.tsx(160,65): error TS2345: Argument of type '\"email_digest\"' is not assignable to parameter of type 'keyof NotificationSettings'.",
    "src/components/messages/NotificationSettings.tsx(202,52): error TS2345: Argument of type '\"push_desktop\"' is not assignable to parameter of type 'keyof NotificationSettings'.",
    "src/components/messages/NotificationSettings.tsx(210,52): error TS2345: Argument of type '\"push_mobile\"' is not assignable to parameter of type 'keyof NotificationSettings'.",
    "src/components/messages/NotificationSettings.tsx(230,65): error TS2345: Argument of type '\"push_sound\"' is not assignable to parameter of type 'keyof NotificationSettings'.",
    "src/components/messages/NotificationSettings.tsx(257,59): error TS2345: Argument of type '\"quiet_hours_enabled\"' is not assignable to parameter of type 'keyof NotificationSettings'.",
    "src/components/messages/NotificationSettings.tsx(271,52): error TS2345: Argument of type '\"quiet_hours_start\"' is not assignable to parameter of type 'keyof NotificationSettings'.",
    "src/components/messages/NotificationSettings.tsx(281,52): error TS2345: Argument of type '\"quiet_hours_end\"' is not assignable to parameter of type 'keyof NotificationSettings'.",
    "src/components/messages/NotificationSettings.tsx(318,61): error TS2345: Argument of type '\"notify_important_only\"' is not assignable to parameter of type 'keyof NotificationSettings'.",
    "src/components/messages/NotificationSettings.tsx(326,57): error TS2345: Argument of type '\"min_priority\"' is not assignable to parameter of type 'keyof NotificationSettings'.",
    "src/components/messages/NotificationSettings.tsx(348,61): error TS2345: Argument of type '\"notify_system_messages\"' is not assignable to parameter of type 'keyof NotificationSettings'.",
    "src/components/messages/NotificationSettings.tsx(373,59): error TS2345: Argument of type '\"show_preview\"' is not assignable to parameter of type 'keyof NotificationSettings'.",
    "src/components/messages/NotificationSettings.tsx(386,59): error TS2345: Argument of type '\"show_sender\"' is not assignable to parameter of type 'keyof NotificationSettings'.",
    "src/components/milestones/MilestonesList.tsx(78,33): error TS2686: 'React' refers to a UMD global, but the current file is a module. Consider adding an import instead.",
    "src/components/milestones/MilestonesList.tsx(94,30): error TS2686: 'React' refers to a UMD global, but the current file is a module. Consider adding an import instead.",
    "src/components/milestones/MilestonesList.tsx(116,29): error TS2686: 'React' refers to a UMD global, but the current file is a module. Consider adding an import instead.",
    "src/components/milestones/RecentMilestoneAwards.tsx(19,46): error TS2558: Expected 2 type arguments, but got 1.",
    "src/components/modals/JoinChallengeConfirmDialog.tsx(76,56): error TS2551: Property 'challenger_name' does not exist on type 'Challenge'. Did you mean 'challenger'?",
    "src/components/performance/index.ts(3,54): error TS2305: Module '\"./LazyLoad\"' has no exported member 'LazyPlayerRankings'.",
    "src/components/performance/index.ts(3,74): error TS2305: Module '\"./LazyLoad\"' has no exported member 'LazyStatisticsChart'.",
    "src/components/performance/index.ts(3,95): error TS2305: Module '\"./LazyLoad\"' has no exported member 'LazyNotifications'.",
    "src/components/profile/SimpleProfileForm.tsx(21,3): error TS2686: 'React' refers to a UMD global, but the current file is a module. Consider adding an import instead.",
    "src/components/ranking/ELORankingDashboard.tsx(153,3): error TS2304: Cannot find name 'useEffect'.",
    "src/components/ranking/NewELORankingDashboard.tsx(40,22): error TS2686: 'React' refers to a UMD global, but the current file is a module. Consider adding an import instead.",
    "src/components/ranking/RankingDashboard.tsx(30,24): error TS2554: Expected 0 arguments, but got 1.",
    "src/components/testing/DesignSystemAudit.tsx(26,10): error TS2724: '\"@/config/PageLayoutConfig\"' has no exported member named 'PAGE_LAYOUTS'. Did you mean 'getPageLayouts'?",
    "src/components/tournament/EditTournamentModal.tsx(143,5): error TS2719: Type 'import(\"/workspaces/sabo-pool-v12/node_modules/.pnpm/react-hook-form@7.62.0_react@18.3.1/node_modules/react-hook-form/dist/types/resolvers\").Resolver<{ name: string; tournament_type: import(\"/workspaces/sabo-pool-v12/apps/sabo-user/src/types/tournament-enums\").TournamentType; game_format: import(\"/workspaces/sabo-po...' is not assignable to type 'import(\"/workspaces/sabo-pool-v12/node_modules/.pnpm/react-hook-form@7.62.0_react@18.3.1/node_modules/react-hook-form/dist/types/resolvers\").Resolver<{ name: string; tournament_type: import(\"/workspaces/sabo-pool-v12/apps/sabo-user/src/types/tournament-enums\").TournamentType; game_format: import(\"/workspaces/sabo-po...'. Two different types with this name exist, but they are unrelated.",
    "src/components/tournament/EditTournamentModal.tsx(344,19): error TS2345: Argument of type '{ title: any; description: string; format: any; max_participants: number; entry_fee: number; prize_pool: number; start_date: string; registration_deadline: string; venue: any; rules: string; requires_approval: any; is_public: any; }' is not assignable to parameter of type 'SetStateAction<TournamentFormData>'.",
    "src/components/tournament/EditTournamentModal.tsx(380,47): error TS2345: Argument of type '(values: z.infer<typeof formSchema>) => Promise<void>' is not assignable to parameter of type 'SubmitHandler<TFieldValues>'.",
    "src/components/tournament/EnhancedTournamentForm.tsx(505,50): error TS2345: Argument of type 'TFieldValues' is not assignable to parameter of type 'TournamentFormData'.",
    "src/components/tournament/SimplifiedTournamentPreview.tsx(16,10): error TS2305: Module '\"@/schemas/tournamentSchema\"' has no exported member 'GAME_FORMATS'.",
    "src/components/tournament/SimplifiedTournamentPreview.tsx(16,24): error TS2724: '\"@/schemas/tournamentSchema\"' has no exported member named 'TOURNAMENT_FORMATS'. Did you mean 'TournamentFormData'?",
    "src/components/tournament/TournamentCompletionNotification.tsx(94,9): error TS2686: 'React' refers to a UMD global, but the current file is a module. Consider adding an import instead.",
    "src/components/tournament/TournamentManagementHub.tsx(574,55): error TS2554: Expected 3 arguments, but got 2.",
    "src/components/tournament/TournamentPreview.tsx(163,13): error TS2740: Type 'TournamentRewards' is missing the following properties from type 'any[]': length, pop, push, concat, and 28 more.",
    "src/components/tournament/TournamentRegistration.tsx(28,3): error TS2724: '\"@/schemas/tournamentRegistrationSchema\"' has no exported member named 'TournamentRegistrationFormData'. Did you mean 'TournamentRegistrationData'?",
    "src/components/tournament/TournamentRegistration.tsx(29,3): error TS2305: Module '\"@/schemas/tournamentRegistrationSchema\"' has no exported member 'getDefaultRegistrationData'.",
    "src/components/tournament/TournamentRegistration.tsx(30,3): error TS2305: Module '\"@/schemas/tournamentRegistrationSchema\"' has no exported member 'REGISTRATION_RANKS'.",
    "src/components/tournament/TournamentRegistration.tsx(31,3): error TS2305: Module '\"@/schemas/tournamentRegistrationSchema\"' has no exported member 'PAYMENT_METHODS'.",
    "src/components/tournament/TournamentRegistration.tsx(32,3): error TS2305: Module '\"@/schemas/tournamentRegistrationSchema\"' has no exported member 'EXPERIENCE_LEVELS'.",
    "src/components/tournament/TournamentSettingsSection.tsx(9,3): error TS2305: Module '\"@/schemas/tournamentSchema\"' has no exported member 'PARTICIPANT_SLOTS'.",
    "src/components/tournament/TournamentSettingsSection.tsx(10,3): error TS2724: '\"@/schemas/tournamentSchema\"' has no exported member named 'TOURNAMENT_FORMATS'. Did you mean 'TournamentFormData'?",
    "src/components/tournament/TournamentSettingsSection.tsx(11,3): error TS2305: Module '\"@/schemas/tournamentSchema\"' has no exported member 'GAME_FORMATS'.",
    "src/components/tournament/TournamentSettingsSection.tsx(12,3): error TS2305: Module '\"@/schemas/tournamentSchema\"' has no exported member 'AVAILABLE_RANKS'.",
    "src/components/tournament/registration-steps/ConfirmationStep.tsx(28,3): error TS2724: '\"@/schemas/tournamentRegistrationSchema\"' has no exported member named 'TournamentRegistrationFormData'. Did you mean 'TournamentRegistrationData'?",
    "src/components/tournament/registration-steps/ConfirmationStep.tsx(29,3): error TS2305: Module '\"@/schemas/tournamentRegistrationSchema\"' has no exported member 'REGISTRATION_RANKS'.",
    "src/components/tournament/registration-steps/ConfirmationStep.tsx(30,3): error TS2305: Module '\"@/schemas/tournamentRegistrationSchema\"' has no exported member 'PAYMENT_METHODS'.",
    "src/components/tournament/registration-steps/ConfirmationStep.tsx(31,3): error TS2305: Module '\"@/schemas/tournamentRegistrationSchema\"' has no exported member 'EXPERIENCE_LEVELS'.",
    "src/components/tournament/registration-steps/PaymentStep.tsx(21,3): error TS2724: '\"@/schemas/tournamentRegistrationSchema\"' has no exported member named 'TournamentRegistrationFormData'. Did you mean 'TournamentRegistrationData'?",
    "src/components/tournament/registration-steps/PaymentStep.tsx(22,3): error TS2305: Module '\"@/schemas/tournamentRegistrationSchema\"' has no exported member 'PAYMENT_METHODS'.",
    "src/components/tournament/registration-steps/PersonalInfoStep.tsx(29,3): error TS2724: '\"@/schemas/tournamentRegistrationSchema\"' has no exported member named 'TournamentRegistrationFormData'. Did you mean 'TournamentRegistrationData'?",
    "src/components/tournament/registration-steps/PersonalInfoStep.tsx(30,3): error TS2305: Module '\"@/schemas/tournamentRegistrationSchema\"' has no exported member 'REGISTRATION_RANKS'.",
    "src/components/tournament/registration-steps/PersonalInfoStep.tsx(31,3): error TS2305: Module '\"@/schemas/tournamentRegistrationSchema\"' has no exported member 'EXPERIENCE_LEVELS'.",
    "src/components/tournament/registration-steps/TournamentSelectionStep.tsx(21,10): error TS2724: '\"@/schemas/tournamentRegistrationSchema\"' has no exported member named 'TournamentRegistrationFormData'. Did you mean 'TournamentRegistrationData'?",
    "src/components/tournament/steps/PreviewStep.tsx(26,3): error TS2724: '\"@/schemas/tournamentSchema\"' has no exported member named 'TOURNAMENT_FORMATS'. Did you mean 'TournamentFormData'?",
    "src/components/tournament/steps/PreviewStep.tsx(27,3): error TS2305: Module '\"@/schemas/tournamentSchema\"' has no exported member 'GAME_FORMATS'.",
    "src/components/tournament/steps/RegistrationSettingsStep.tsx(121,21): error TS2345: Argument of type '\"min_rank_requirement\"' is not assignable to parameter of type '\"description\" | \"name\" | \"tournament_start\" | \"tournament_end\" | \"venue_address\" | \"max_participants\" | \"tournament_type\" | \"game_format\" | \"entry_fee\" | \"prize_pool\" | \"registration_start\" | \"registration_end\" | \"rules\" | \"requires_approval\" | \"is_public\"'.",
    "src/components/tournament/steps/RegistrationSettingsStep.tsx(149,21): error TS2345: Argument of type '\"max_rank_requirement\"' is not assignable to parameter of type '\"description\" | \"name\" | \"tournament_start\" | \"tournament_end\" | \"venue_address\" | \"max_participants\" | \"tournament_type\" | \"game_format\" | \"entry_fee\" | \"prize_pool\" | \"registration_start\" | \"registration_end\" | \"rules\" | \"requires_approval\" | \"is_public\"'.",
    "src/components/tournament/steps/RegistrationSettingsStep.tsx(248,28): error TS2345: Argument of type '\"contact_info\"' is not assignable to parameter of type '\"description\" | \"name\" | \"tournament_start\" | \"tournament_end\" | \"venue_address\" | \"max_participants\" | \"tournament_type\" | \"game_format\" | \"entry_fee\" | \"prize_pool\" | \"registration_start\" | \"registration_end\" | \"rules\" | \"requires_approval\" | \"is_public\"'.",
    "src/components/ui/calendar.tsx(55,9): error TS2353: Object literal may only specify known properties, and 'IconLeft' does not exist in type 'Partial<CustomComponents>'.",
    "src/components/ui/input-otp.tsx(35,44): error TS2345: Argument of type 'import(\"/workspaces/sabo-pool-v12/node_modules/.pnpm/@types+react@18.3.24/node_modules/@types/react/index\").Context<import(\"/workspaces/sabo-pool-v12/node_modules/.pnpm/input-otp@1.4.2_react-dom@18.3.1_react@18.3.1/node_modules/input-otp/dist/index\").RenderProps>' is not assignable to parameter of type 'React.Context<import(\"/workspaces/sabo-pool-v12/node_modules/.pnpm/input-otp@1.4.2_react-dom@18.3.1_react@18.3.1/node_modules/input-otp/dist/index\").RenderProps>'.",
    "src/components/ui/lazy-components.tsx(9,10): error TS2305: Module '\"@/utils/performance\"' has no exported member 'performanceMonitor'.",
    "src/components/ui/lazy-components.tsx(9,30): error TS2305: Module '\"@/utils/performance\"' has no exported member 'bundleMonitor'.",
    "src/components/ui/lazy-components.tsx(106,42): error TS2686: 'React' refers to a UMD global, but the current file is a module. Consider adding an import instead.",
    "src/components/ui/lazy-components.tsx(159,25): error TS2686: 'React' refers to a UMD global, but the current file is a module. Consider adding an import instead.",
    "src/components/ui/lazy-components.tsx(205,3): error TS2686: 'React' refers to a UMD global, but the current file is a module. Consider adding an import instead.",
    "src/components/ui/scrollable-table.tsx(63,19): error TS2769: No overload matches this call.",
    "src/hooks/__tests__/useTokenRefresh.test.ts(4,1): error TS2304: Cannot find name 'jest'.",
    "src/hooks/__tests__/useTokenRefresh.test.ts(7,23): error TS2304: Cannot find name 'jest'.",
    "src/hooks/__tests__/useTokenRefresh.test.ts(17,1): error TS2582: Cannot find name 'describe'. Do you need to install type definitions for a test runner? Try `npm i --save-dev @types/jest` or `npm i --save-dev @types/mocha`.",
    "src/hooks/__tests__/useTokenRefresh.test.ts(18,3): error TS2582: Cannot find name 'test'. Do you need to install type definitions for a test runner? Try `npm i --save-dev @types/jest` or `npm i --save-dev @types/mocha`.",
    "src/hooks/__tests__/useTokenRefresh.test.ts(19,5): error TS2304: Cannot find name 'expect'.",
    "src/hooks/__tests__/useTokenRefresh.test.ts(21,3): error TS2582: Cannot find name 'test'. Do you need to install type definitions for a test runner? Try `npm i --save-dev @types/jest` or `npm i --save-dev @types/mocha`.",
    "src/hooks/__tests__/useTokenRefresh.test.ts(25,5): error TS2304: Cannot find name 'expect'.",
    "src/hooks/__tests__/useTokenRefresh.test.ts(27,3): error TS2582: Cannot find name 'test'. Do you need to install type definitions for a test runner? Try `npm i --save-dev @types/jest` or `npm i --save-dev @types/mocha`.",
    "src/hooks/__tests__/useTokenRefresh.test.ts(31,5): error TS2304: Cannot find name 'expect'.",
    "src/hooks/__tests__/useTokenRefresh.test.ts(35,1): error TS2582: Cannot find name 'describe'. Do you need to install type definitions for a test runner? Try `npm i --save-dev @types/jest` or `npm i --save-dev @types/mocha`.",
    "src/hooks/__tests__/useTokenRefresh.test.ts(36,3): error TS2304: Cannot find name 'beforeEach'.",
    "src/hooks/__tests__/useTokenRefresh.test.ts(37,5): error TS2304: Cannot find name 'jest'.",
    "src/hooks/__tests__/useTokenRefresh.test.ts(39,3): error TS2304: Cannot find name 'afterEach'.",
    "src/hooks/__tests__/useTokenRefresh.test.ts(40,5): error TS2304: Cannot find name 'jest'.",
    "src/hooks/__tests__/useTokenRefresh.test.ts(42,3): error TS2582: Cannot find name 'test'. Do you need to install type definitions for a test runner? Try `npm i --save-dev @types/jest` or `npm i --save-dev @types/mocha`.",
    "src/hooks/__tests__/useTokenRefresh.test.ts(52,5): error TS2304: Cannot find name 'jest'.",
    "src/hooks/__tests__/useTokenRefresh.test.ts(53,5): error TS2304: Cannot find name 'expect'.",
    "src/hooks/__tests__/useTokenRefresh.test.ts(55,3): error TS2582: Cannot find name 'test'. Do you need to install type definitions for a test runner? Try `npm i --save-dev @types/jest` or `npm i --save-dev @types/mocha`.",
    "src/hooks/__tests__/useTokenRefresh.test.ts(59,5): error TS2304: Cannot find name 'jest'.",
    "src/hooks/__tests__/useTokenRefresh.test.ts(61,5): error TS2304: Cannot find name 'expect'.",
    "src/hooks/__tests__/useTournamentService.test.tsx(8,10): error TS2724: '\"@/repositories/tournamentRepository\"' has no exported member named 'TournamentRepository'. Did you mean 'tournamentRepository'?",
    "src/hooks/__tests__/useTournamentService.test.tsx(12,3): error TS2305: Module '\"@/test/mocks/supabase\"' has no exported member 'setupSupabaseMocks'.",
    "src/hooks/__tests__/useTournamentService.test.tsx(13,3): error TS2305: Module '\"@/test/mocks/supabase\"' has no exported member 'mockToast'.",
    "src/hooks/__tests__/useTournamentService.test.tsx(14,3): error TS2305: Module '\"@/test/mocks/supabase\"' has no exported member 'mockTournaments'.",
    "src/hooks/__tests__/useTournamentService.test.tsx(15,3): error TS2305: Module '\"@/test/mocks/supabase\"' has no exported member 'mockUsers'.",
    "src/hooks/club/useClubActivities.ts(63,47): error TS2769: No overload matches this call.",
    "src/hooks/club/useClubActivities.ts(69,17): error TS2362: The left-hand side of an arithmetic operation must be of type 'any', 'number', 'bigint' or an enum type.",
    "src/hooks/club/useClubMembers.ts(84,45): error TS2769: No overload matches this call.",
    "src/hooks/club/useClubMembers.ts(90,17): error TS2362: The left-hand side of an arithmetic operation must be of type 'any', 'number', 'bigint' or an enum type.",
    "src/hooks/useEnhancedTournamentMatches.ts(13,23): error TS2554: Expected 1 arguments, but got 0.",
    "src/hooks/useMilestones.tsx(175,33): error TS2686: 'React' refers to a UMD global, but the current file is a module. Consider adding an import instead.",
    "src/hooks/useOptimizedAuth.ts(25,23): error TS2554: Expected 1 arguments, but got 0.",
    "src/hooks/useRealTimeTournamentState.tsx(12,27): error TS2554: Expected 1 arguments, but got 0.",
    "src/hooks/useTournamentService.tsx(6,10): error TS2724: '\"@/repositories/tournamentRepository\"' has no exported member named 'TournamentRepository'. Did you mean 'tournamentRepository'?",
    "src/hooks/useUnifiedTournamentAutomation.ts(142,3): error TS2686: 'React' refers to a UMD global, but the current file is a module. Consider adding an import instead.",
    "src/integrations/supabase/client.ts(3,31): error TS2306: File '/workspaces/sabo-pool-v12/apps/sabo-user/src/integrations/supabase/types.ts' is not a module.",
    "src/lib/env.ts(25,14): error TS2769: No overload matches this call.",
    "src/lib/env.ts(29,14): error TS2769: No overload matches this call.",
    "src/lib/env.ts(33,14): error TS2769: No overload matches this call.",
    "src/pages/ChallengeTabsStabilityTest.tsx(121,63): error TS2345: Argument of type '{ id: string; challenger_id: string; opponent_id: string; status: string; } | { id: string; message: string; }' is not assignable to parameter of type 'Challenge | ExtendedChallenge'.",
    "src/pages/ChallengeTabsStabilityTest.tsx(124,69): error TS2345: Argument of type '{ id: string; challenger_id: string; opponent_id: string; status: string; } | { id: string; message: string; }' is not assignable to parameter of type 'Challenge | ExtendedChallenge'.",
    "src/pages/ChallengeTabsStabilityTest.tsx(127,71): error TS2345: Argument of type '{ id: string; challenger_id: string; opponent_id: string; status: string; } | { id: string; message: string; }' is not assignable to parameter of type 'Challenge | ExtendedChallenge'.",
    "src/pages/ChallengeTabsStabilityTest.tsx(130,78): error TS2345: Argument of type '{ id: string; challenger_id: string; opponent_id: string; status: string; } | { id: string; message: string; }' is not assignable to parameter of type 'Challenge | ExtendedChallenge'.",
    "src/pages/ChallengeTabsStabilityTest.tsx(133,112): error TS2345: Argument of type '{ id: string; challenger_id: string; opponent_id: string; status: string; } | { id: string; message: string; }' is not assignable to parameter of type 'Challenge | ExtendedChallenge'.",
    "src/pages/ChallengeTabsStabilityTest.tsx(136,108): error TS2345: Argument of type '{ id: string; challenger_id: string; opponent_id: string; status: string; } | { id: string; message: string; }' is not assignable to parameter of type 'Challenge | ExtendedChallenge'.",
    "src/pages/ChallengeTabsStabilityTest.tsx(188,91): error TS2551: Property 'challenger_profile' does not exist on type '{ id: string; challenger_id: string; opponent_id: string; status: string; }'. Did you mean 'challenger_id'?",
    "src/pages/ChallengeTabsStabilityTest.tsx(189,94): error TS2551: Property 'challenger_profile' does not exist on type '{ id: string; challenger_id: string; opponent_id: string; status: string; }'. Did you mean 'challenger_id'?",
    "src/pages/ClubOwnerDashboardPage.tsx(31,3): error TS2686: 'React' refers to a UMD global, but the current file is a module. Consider adding an import instead.",
    "src/pages/Dashboard.tsx(29,3): error TS2686: 'React' refers to a UMD global, but the current file is a module. Consider adding an import instead.",
    "src/pages/MilestonePage.tsx(47,95): error TS2551: Property 'completed' does not exist on type 'PlayerMilestone'. Did you mean 'is_completed'?",
    "src/pages/NewComponentsShowcase.tsx(257,23): error TS2353: Object literal may only specify known properties, and 'isOnline' does not exist in type '{ id: string; name: string; avatar?: string; title?: string; level: number; verified?: boolean; }'.",
    "src/pages/NewComponentsShowcase.tsx(260,21): error TS2739: Type '{ totalMatches: number; wins: number; losses: number; winRate: number; currentStreak: number; bestStreak: number; averageScore: number; level: number; experience: number; rankingPoints: number; }' is missing the following properties from type 'PlayerStats': ranking, points, tournamentsWon, nextLevelExperience",
    "src/pages/NotificationsPage.tsx(64,39): error TS2554: Expected 0-1 arguments, but got 2.",
    "src/pages/NotificationsPage.tsx(108,35): error TS2554: Expected 0-1 arguments, but got 2.",
    "src/pages/NotificationsPage.tsx(109,5): error TS2304: Cannot find name 'refreshUnreadCount'.",
    "src/pages/NotificationsPage.tsx(130,50): error TS2551: Property 'isRead' does not exist on type 'UnifiedNotification'. Did you mean 'is_read'?",
    "src/pages/NotificationsPage.tsx(131,51): error TS2551: Property 'isRead' does not exist on type 'UnifiedNotification'. Did you mean 'is_read'?",
    "src/pages/NotificationsPage.tsx(180,14): error TS2304: Cannot find name 'NotificationBell'.",
    "src/pages/NotificationsPage.tsx(184,18): error TS2304: Cannot find name 'totalCount'.",
    "src/pages/NotificationsPage.tsx(338,20): error TS2304: Cannot find name 'NotificationCard'.",
    "src/pages/NotificationsPage.tsx(343,40): error TS2551: Property 'actionUrl' does not exist on type 'UnifiedNotification'. Did you mean 'action_url'?",
    "src/pages/NotificationsPage.tsx(344,47): error TS2551: Property 'actionUrl' does not exist on type 'UnifiedNotification'. Did you mean 'action_url'?",
    "src/pages/NotificationsPage.tsx(355,10): error TS2304: Cannot find name 'hasMore'.",
    "src/pages/NotificationsPage.tsx(359,60): error TS2554: Expected 0-1 arguments, but got 2.",
    "src/pages/PaymentClubMembershipPage.tsx(102,25): error TS2345: Argument of type '{ created_at: string; updated_at: string; id: string; name: string; address?: string; status?: string; }' is not assignable to parameter of type 'SetStateAction<Club>'.",
    "src/pages/SPADashboard.tsx(7,27): error TS2305: Module '\"@/services/spaService\"' has no exported member 'SPAMilestone'.",
    "src/pages/SPADashboard.tsx(7,46): error TS2305: Module '\"@/services/spaService\"' has no exported member 'UserMilestoneProgress'.",
    "src/pages/SPADashboard.tsx(7,74): error TS2305: Module '\"@/services/spaService\"' has no exported member 'SPATransaction'.",
    "src/pages/SystemAuditPage.tsx(263,16): error TS2686: 'React' refers to a UMD global, but the current file is a module. Consider adding an import instead.",
    "src/pages/SystemAuditPage.tsx(282,30): error TS2686: 'React' refers to a UMD global, but the current file is a module. Consider adding an import instead.",
    "src/services/PerformanceOptimizationService.ts(43,12): error TS2352: Conversion of type 'DebouncedFunc<T>' to type 'T' may be a mistake because neither type sufficiently overlaps with the other. If this was intentional, convert the expression to 'unknown' first.",
    "src/services/PerformanceOptimizationService.ts(51,12): error TS2352: Conversion of type 'DebouncedFunc<T>' to type 'T' may be a mistake because neither type sufficiently overlaps with the other. If this was intentional, convert the expression to 'unknown' first.",
    "src/services/RewardsService.ts(130,9): error TS2353: Object literal may only specify known properties, and 'cashPrize' does not exist in type 'SpecialAward'.",
    "src/services/ValidationService.ts(10,10): error TS2305: Module '\"@/schemas/tournamentSchema\"' has no exported member 'PARTICIPANT_SLOTS'.",
    "src/services/ValidationService.ts(10,29): error TS2305: Module '\"@/schemas/tournamentSchema\"' has no exported member 'AVAILABLE_RANKS'.",
    "src/services/ValidationService.ts(89,12): error TS2678: Type '\"eligible_ranks\"' is not comparable to type 'keyof TournamentFormData'.",
    "src/services/challengeNotificationService.ts(414,9): error TS2769: No overload matches this call.",
    "src/services/messageService.ts(559,29): error TS2740: Type 'undefined[]' is missing the following properties from type 'NotificationSettings': id, user_id, email_notifications, push_notifications, and 6 more."
  ]
}